d:\projects\c++\apenx\bin\debug\intermediate\vc140.pdb
d:\projects\c++\apenx\bin\debug\intermediate\vc140.idb
d:\projects\c++\apenx\bin\debug\intermediate\main.obj
d:\projects\c++\apenx\bin\debug\intermediate\temp.obj
d:\projects\c++\apenx\bin\debug\intermediate\vertexshader.obj
d:\projects\c++\apenx\bin\debug\intermediate\window.obj
d:\projects\c++\apenx\bin\debug\intermediate\vec2.obj
d:\projects\c++\apenx\bin\debug\intermediate\vec3.obj
d:\projects\c++\apenx\bin\debug\intermediate\vec4.obj
d:\projects\c++\apenx\bin\debug\intermediate\mathutils.obj
d:\projects\c++\apenx\bin\debug\intermediate\fileutils.obj
d:\projects\c++\apenx\bin\debug\intermediate\shader.obj
d:\projects\c++\apenx\bin\debug\apenx-core.ilk
d:\projects\c++\apenx\bin\debug\apenx-core.exe
d:\projects\c++\apenx\bin\debug\apenx-core.pdb
d:\projects\c++\apenx\bin\debug\intermediate\apenx-core.tlog\cl.command.1.tlog
d:\projects\c++\apenx\bin\debug\intermediate\apenx-core.tlog\cl.read.1.tlog
d:\projects\c++\apenx\bin\debug\intermediate\apenx-core.tlog\cl.write.1.tlog
d:\projects\c++\apenx\bin\debug\intermediate\apenx-core.tlog\link.command.1.tlog
d:\projects\c++\apenx\bin\debug\intermediate\apenx-core.tlog\link.read.1.tlog
d:\projects\c++\apenx\bin\debug\intermediate\apenx-core.tlog\link.write.1.tlog
